<?xml version="1.0" encoding="UTF-8"?>
<!-- Generated by org.testng.reporters.JUnitXMLReporter -->
<testsuite hostname="aman-PC" ignored="0" name="ThirdTestCase" tests="3" failures="1" timestamp="16 Aug 2017 01:51:02 GMT" time="0.021" errors="0">
  <testcase name="validateEcomercesite" time="0.001" classname="testScript.TestCaseReport2"/>
  <testcase name="validateEcomercesiteFail" time="0.001" classname="testScript.TestCaseReport2">
    <failure type="java.lang.AssertionError" message="expected [true] but found [false]">
      <![CDATA[java.lang.AssertionError: expected [true] but found [false]
	at testScript.TestCaseReport2.validateEcomercesiteFail(TestCaseReport2.java:17)
... Removed 31 stack frames]]>
    </failure>
  </testcase> <!-- validateEcomercesiteFail -->
  <testcase name="validateEcomercesitePass" time="0.009" classname="testScript.TestCaseReport2"/>
</testsuite> <!-- ThirdTestCase -->
