<!DOCTYPE html PUBLIC "-//W3C//DTD XHTML 1.1//EN" "http://www.w3.org/TR/xhtml11/DTD/xhtml11.dtd">
<html xmlns="http://www.w3.org/1999/xhtml"><head><title>TestNG Report</title><style type="text/css">table {margin-bottom:10px;border-collapse:collapse;empty-cells:show}th,td {border:1px solid #009;padding:.25em .5em}th {vertical-align:bottom}td {vertical-align:top}table a {font-weight:bold}.stripe td {background-color: #E6EBF9}.num {text-align:right}.passedodd td {background-color: #3F3}.passedeven td {background-color: #0A0}.skippedodd td {background-color: #DDD}.skippedeven td {background-color: #CCC}.failedodd td,.attn {background-color: #F33}.failedeven td,.stripe .attn {background-color: #D00}.stacktrace {white-space:pre;font-family:monospace}.totop {font-size:85%;text-align:center;border-bottom:2px solid #000}</style></head><body><table><tr><th>Test</th><th># Passed</th><th># Skipped</th><th># Failed</th><th>Time (ms)</th><th>Included Groups</th><th>Excluded Groups</th></tr><tr><th colspan="7">RegressionSuitesecond</th></tr><tr><td><a href="#t0">FirstTests</a></td><td class="num">2</td><td class="num">0</td><td class="num attn">1</td><td class="num">7,928</td><td></td><td></td></tr><tr class="stripe"><td><a href="#t1">secondTests</a></td><td class="num">2</td><td class="num">0</td><td class="num attn">1</td><td class="num">9</td><td></td><td></td></tr><tr><td><a href="#t2">ThirdTestCase</a></td><td class="num">2</td><td class="num">0</td><td class="num attn">1</td><td class="num">21</td><td></td><td></td></tr><tr><th>Total</th><th class="num">6</th><th class="num">0</th><th class="num attn">3</th><th class="num">7,958</th><th colspan="2"></th></tr></table><table id='summary'><thead><tr><th>Class</th><th>Method</th><th>Start</th><th>Time (ms)</th></tr></thead><tbody><tr><th colspan="4">RegressionSuitesecond</th></tr></tbody><tbody id="t0"><tr><th colspan="4">FirstTests &#8212; failed</th></tr><tr class="failedeven"><td rowspan="1">testScript.TestCaseReport</td><td><a href="#m0">FailedtestCase1</a></td><td rowspan="1">1502848259325</td><td rowspan="1">23</td></tr><tr><th colspan="4">FirstTests &#8212; passed</th></tr><tr class="passedeven"><td rowspan="2">testScript.TestCaseReport</td><td><a href="#m1">PassedTestCaseTest</a></td><td rowspan="1">1502848259369</td><td rowspan="1">4</td></tr><tr class="passedeven"><td><a href="#m2">passedtestCase</a></td><td rowspan="1">1502848259380</td><td rowspan="1">2</td></tr></tbody><tbody id="t1"><tr><th colspan="4">secondTests &#8212; failed</th></tr><tr class="failedeven"><td rowspan="1">testScript.TestCaseReport1</td><td><a href="#m3">ValidateLoginTestcaseWithInValidData</a></td><td rowspan="1">1502848261947</td><td rowspan="1">1</td></tr><tr><th colspan="4">secondTests &#8212; passed</th></tr><tr class="passedeven"><td rowspan="2">testScript.TestCaseReport1</td><td><a href="#m4">ValidateLoginTestcaseWithValidData</a></td><td rowspan="1">1502848261950</td><td rowspan="1">1</td></tr><tr class="passedeven"><td><a href="#m5">ValidateLoginTestcaseWithValidandInvalidData</a></td><td rowspan="1">1502848261953</td><td rowspan="1">0</td></tr></tbody><tbody id="t2"><tr><th colspan="4">ThirdTestCase &#8212; failed</th></tr><tr class="failedeven"><td rowspan="1">testScript.TestCaseReport2</td><td><a href="#m6">validateEcomercesiteFail</a></td><td rowspan="1">1502848261983</td><td rowspan="1">1</td></tr><tr><th colspan="4">ThirdTestCase &#8212; passed</th></tr><tr class="passedeven"><td rowspan="2">testScript.TestCaseReport2</td><td><a href="#m7">validateEcomercesite</a></td><td rowspan="1">1502848261981</td><td rowspan="1">1</td></tr><tr class="passedeven"><td><a href="#m8">validateEcomercesitePass</a></td><td rowspan="1">1502848261990</td><td rowspan="1">9</td></tr></tbody></table><h2>FirstTests</h2><h3 id="m0">testScript.TestCaseReport#FailedtestCase1</h3><table class="result"><tr><th>Messages</th></tr><tr><td><div class="messages">Test started running:FailedtestCase1 at:16</div></td></tr><tr><th>Exception</th></tr><tr><td><div class="stacktrace">java.lang.AssertionError: expected [true] but found [false]
	at testScript.TestCaseReport.FailedtestCase1(TestCaseReport.java:20)
... Removed 31 stack frames</div></td></tr></table><p class="totop"><a href="#summary">back to summary</a></p><h3 id="m1">testScript.TestCaseReport#PassedTestCaseTest</h3><table class="result"><tr><th>Messages</th></tr><tr><td><div class="messages">Test started running:PassedTestCaseTest at:16</div></td></tr></table><p class="totop"><a href="#summary">back to summary</a></p><h3 id="m2">testScript.TestCaseReport#passedtestCase</h3><table class="result"><tr><th>Messages</th></tr><tr><td><div class="messages">Test started running:passedtestCase at:16</div></td></tr></table><p class="totop"><a href="#summary">back to summary</a></p><h2>secondTests</h2><h3 id="m3">testScript.TestCaseReport1#ValidateLoginTestcaseWithInValidData</h3><table class="result"><tr><th>Messages</th></tr><tr><td><div class="messages">Test started running:ValidateLoginTestcaseWithInValidData at:16</div></td></tr><tr><th>Exception</th></tr><tr><td><div class="stacktrace">java.lang.AssertionError: expected [true] but found [false]
	at testScript.TestCaseReport1.ValidateLoginTestcaseWithInValidData(TestCaseReport1.java:17)
... Removed 31 stack frames</div></td></tr></table><p class="totop"><a href="#summary">back to summary</a></p><h3 id="m4">testScript.TestCaseReport1#ValidateLoginTestcaseWithValidData</h3><table class="result"><tr><th>Messages</th></tr><tr><td><div class="messages">Test started running:ValidateLoginTestcaseWithValidData at:16</div></td></tr></table><p class="totop"><a href="#summary">back to summary</a></p><h3 id="m5">testScript.TestCaseReport1#ValidateLoginTestcaseWithValidandInvalidData</h3><table class="result"><tr><th>Messages</th></tr><tr><td><div class="messages">Test started running:ValidateLoginTestcaseWithValidandInvalidData at:16</div></td></tr></table><p class="totop"><a href="#summary">back to summary</a></p><h2>ThirdTestCase</h2><h3 id="m6">testScript.TestCaseReport2#validateEcomercesiteFail</h3><table class="result"><tr><th>Messages</th></tr><tr><td><div class="messages">Test started running:validateEcomercesiteFail at:16</div></td></tr><tr><th>Exception</th></tr><tr><td><div class="stacktrace">java.lang.AssertionError: expected [true] but found [false]
	at testScript.TestCaseReport2.validateEcomercesiteFail(TestCaseReport2.java:17)
... Removed 31 stack frames</div></td></tr></table><p class="totop"><a href="#summary">back to summary</a></p><h3 id="m7">testScript.TestCaseReport2#validateEcomercesite</h3><table class="result"><tr><th>Messages</th></tr><tr><td><div class="messages">Test started running:validateEcomercesite at:16</div></td></tr></table><p class="totop"><a href="#summary">back to summary</a></p><h3 id="m8">testScript.TestCaseReport2#validateEcomercesitePass</h3><table class="result"><tr><th>Messages</th></tr><tr><td><div class="messages">Test started running:validateEcomercesitePass at:16</div></td></tr></table><p class="totop"><a href="#summary">back to summary</a></p></body></html>